<?xml version="1.0" encoding="UTF-8"?>
<!-- Generated by org.testng.reporters.JUnitReportReporter -->
<testsuite hostname="DESKTOP-73VT5SL" failures="0" tests="2" name="smoke_suite.ALC_4348" time="423.922" errors="0" timestamp="2024-08-22T18:34:47 IST" skipped="0">
  <testcase classname="smoke_suite.ALC_4348" name="verifyUserCanNot" time="204.800"/>
  <testcase classname="smoke_suite.ALC_4348" name="verifyUserCanAfter3Min" time="219.122"/>
</testsuite> <!-- smoke_suite.ALC_4348 -->
