<?xml version="1.0" encoding="UTF-8"?>
<!-- Generated by org.testng.reporters.JUnitReportReporter -->
<testsuite hostname="DESKTOP-73VT5SL" failures="0" tests="5" name="smoke_suite.ALC_4356" time="428.718" errors="0" timestamp="2024-10-07T16:49:15 IST" skipped="0">
  <testcase classname="smoke_suite.ALC_4356" name="createDataAndPerformTransaction" time="214.121"/>
  <testcase classname="smoke_suite.ALC_4356" name="createOrder" time="45.567"/>
  <testcase classname="smoke_suite.ALC_4356" name="updateOrder" time="21.018"/>
  <testcase classname="smoke_suite.ALC_4356" name="addTransactionInExcHistoryAndVerifyBonus" time="78.602"/>
  <testcase classname="smoke_suite.ALC_4356" name="verify_TotalKg" time="69.410"/>
</testsuite> <!-- smoke_suite.ALC_4356 -->
