<?xml version="1.0" encoding="UTF-8"?>
<!-- Generated by org.testng.reporters.JUnitReportReporter -->
<testsuite hostname="DESKTOP-73VT5SL" failures="0" tests="5" name="smoke_suite.ALC_6692" time="581.706" errors="0" timestamp="2024-10-07T16:49:15 IST" skipped="0">
  <testcase classname="smoke_suite.ALC_6692" name="deliverall" time="208.011"/>
  <testcase classname="smoke_suite.ALC_6692" name="test1" time="78.622"/>
  <testcase classname="smoke_suite.ALC_6692" name="deliverselected" time="173.539"/>
  <testcase classname="smoke_suite.ALC_6692" name="test2" time="45.440"/>
  <testcase classname="smoke_suite.ALC_6692" name="test3" time="76.094"/>
</testsuite> <!-- smoke_suite.ALC_6692 -->
