<?xml version="1.0" encoding="UTF-8"?>
<!-- Generated by org.testng.reporters.JUnitReportReporter -->
<testsuite hostname="DESKTOP-73VT5SL" failures="0" tests="4" name="smoke_suite.ALC_6693" time="281.369" errors="0" timestamp="2024-10-07T16:49:15 IST" skipped="0">
  <testcase classname="smoke_suite.ALC_6693" name="deliverall" time="97.316"/>
  <testcase classname="smoke_suite.ALC_6693" name="test1" time="61.073"/>
  <testcase classname="smoke_suite.ALC_6693" name="deliverselected" time="87.897"/>
  <testcase classname="smoke_suite.ALC_6693" name="test2" time="35.083"/>
</testsuite> <!-- smoke_suite.ALC_6693 -->
