<?xml version="1.0" encoding="UTF-8"?>
<!-- Generated by org.testng.reporters.JUnitReportReporter -->
<testsuite hostname="DESKTOP-73VT5SL" failures="0" tests="1" name="smoke_suite.ALC_5649" time="679.317" errors="0" timestamp="2024-10-07T17:05:34 IST" skipped="0">
  <testcase classname="smoke_suite.ALC_5649" name="verify" time="679.317"/>
</testsuite> <!-- smoke_suite.ALC_5649 -->
