<?xml version="1.0" encoding="UTF-8"?>
<!-- Generated by org.testng.reporters.JUnitReportReporter -->
<testsuite hostname="DESKTOP-73VT5SL" failures="0" tests="6" name="smoke_suite.ALC_666" time="613.849" errors="0" timestamp="2024-10-07T16:49:15 IST" skipped="0">
  <testcase classname="smoke_suite.ALC_666" name="createDataAndPerformTransaction" time="426.847"/>
  <testcase classname="smoke_suite.ALC_666" name="createOrder" time="69.089"/>
  <testcase classname="smoke_suite.ALC_666" name="addBonusToOrder666" time="32.557"/>
  <testcase classname="smoke_suite.ALC_666" name="verifyValuesAfterBonusAdded" time="4.947"/>
  <testcase classname="smoke_suite.ALC_666" name="verifyAuditTrails" time="66.058"/>
  <testcase classname="smoke_suite.ALC_666" name="detachConnectedBonus" time="14.351"/>
</testsuite> <!-- smoke_suite.ALC_666 -->
