<?xml version="1.0" encoding="UTF-8"?>
<!-- Generated by org.testng.reporters.JUnitReportReporter -->
<testsuite hostname="DESKTOP-73VT5SL" failures="0" tests="2" name="smoke_suite.ALC_4355" time="64.791" errors="0" timestamp="2024-10-07T16:49:15 IST" skipped="0">
  <testcase classname="smoke_suite.ALC_4355" name="createBonus" time="59.150"/>
  <testcase classname="smoke_suite.ALC_4355" name="editbonus" time="5.641"/>
</testsuite> <!-- smoke_suite.ALC_4355 -->
