<?xml version="1.0" encoding="UTF-8"?>
<!-- Generated by org.testng.reporters.JUnitReportReporter -->
<testsuite hostname="DESKTOP-73VT5SL" failures="0" tests="3" name="smoke_suite.ALC_5661" time="52.513" errors="0" timestamp="2024-10-07T16:49:15 IST" skipped="0">
  <testcase classname="smoke_suite.ALC_5661" name="upload_resource" time="15.550"/>
  <testcase classname="smoke_suite.ALC_5661" name="openImpactHub" time="25.550"/>
  <testcase classname="smoke_suite.ALC_5661" name="downloadFile" time="11.413"/>
</testsuite> <!-- smoke_suite.ALC_5661 -->
