<?xml version="1.0" encoding="UTF-8"?>
<!-- Generated by org.testng.reporters.JUnitReportReporter -->
<testsuite hostname="DESKTOP-73VT5SL" failures="0" tests="1" name="smoke_suite.ALC_4362" time="340.477" errors="0" timestamp="2024-10-07T16:49:15 IST" skipped="0">
  <testcase classname="smoke_suite.ALC_4362" name="Approve_transactions_In_Bonus_Sell_Buy_Verify_In_BranchExchangeHistory" time="340.477"/>
</testsuite> <!-- smoke_suite.ALC_4362 -->
