<?xml version="1.0" encoding="UTF-8"?>
<!-- Generated by org.testng.reporters.JUnitReportReporter -->
<testsuite hostname="DESKTOP-73VT5SL" failures="0" tests="3" name="smoke_suite.ALC_5661" time="70.310" errors="0" timestamp="2024-10-09T13:13:22 IST" skipped="0">
  <testcase classname="smoke_suite.ALC_5661" name="upload_resource" time="32.294"/>
  <testcase classname="smoke_suite.ALC_5661" name="openImpactHub" time="26.574"/>
  <testcase classname="smoke_suite.ALC_5661" name="downloadFile" time="11.442"/>
</testsuite> <!-- smoke_suite.ALC_5661 -->
