<?xml version="1.0" encoding="UTF-8"?>
<!-- Generated by org.testng.reporters.JUnitReportReporter -->
<testsuite hostname="DESKTOP-73VT5SL" failures="0" tests="3" name="smoke_suite.ALC_4353" time="163.916" errors="0" timestamp="2024-10-07T16:49:15 IST" skipped="0">
  <testcase classname="smoke_suite.ALC_4353" name="loginAlchmey" time="62.507"/>
  <testcase classname="smoke_suite.ALC_4353" name="createNewBrand" time="37.374"/>
  <testcase classname="smoke_suite.ALC_4353" name="searchNewlyCreatedBrandInBonus" time="64.035"/>
</testsuite> <!-- smoke_suite.ALC_4353 -->
