<?xml version="1.0" encoding="UTF-8"?>
<!-- Generated by org.testng.reporters.JUnitReportReporter -->
<testsuite hostname="DESKTOP-73VT5SL" failures="0" tests="1" name="smoke_suite.ALC_4363" time="392.539" errors="0" timestamp="2024-10-07T16:49:15 IST" skipped="0">
  <testcase classname="smoke_suite.ALC_4363" name="Approve_transactions_branch_exchange_history_Verify_In_BonusApproval" time="392.539"/>
</testsuite> <!-- smoke_suite.ALC_4363 -->
