<?xml version="1.0" encoding="UTF-8"?>
<!-- Generated by org.testng.reporters.JUnitReportReporter -->
<testsuite hostname="DESKTOP-73VT5SL" failures="0" tests="5" name="smoke_suite.ALC_258" time="461.950" errors="0" timestamp="2024-08-23T12:10:14 IST" skipped="0">
  <testcase classname="smoke_suite.ALC_258" name="createdata" time="32.989"/>
  <testcase classname="smoke_suite.ALC_258" name="checkalchemy" time="29.146"/>
  <testcase classname="smoke_suite.ALC_258" name="dotransactions" time="190.521"/>
  <testcase classname="smoke_suite.ALC_258" name="selltoprocessor" time="108.316"/>
  <testcase classname="smoke_suite.ALC_258" name="verifytransactions" time="100.978"/>
</testsuite> <!-- smoke_suite.ALC_258 -->
