<?xml version="1.0" encoding="UTF-8"?>
<!-- Generated by org.testng.reporters.JUnitReportReporter -->
<testsuite hostname="DESKTOP-73VT5SL" failures="0" tests="2" name="smoke_suite.ALC_5650" time="49.922" errors="0" timestamp="2024-10-07T16:49:15 IST" skipped="0">
  <testcase classname="smoke_suite.ALC_5650" name="preconditions" time="21.284"/>
  <testcase classname="smoke_suite.ALC_5650" name="checkcopybutton" time="28.638"/>
</testsuite> <!-- smoke_suite.ALC_5650 -->
