<?xml version="1.0" encoding="UTF-8"?>
<!-- Generated by org.testng.reporters.JUnitReportReporter -->
<testsuite hostname="DESKTOP-73VT5SL" failures="0" tests="18" name="smoke_suite.ALC_1711" time="1440.764" errors="0" timestamp="2024-08-23T12:00:15 IST" skipped="0">
  <testcase classname="smoke_suite.ALC_1711" name="createAndPerformTransaction" time="62.423"/>
  <testcase classname="smoke_suite.ALC_1711" name="kgRecycledAndBonusInBranchExcHistoryBeforeVoid" time="157.381"/>
  <testcase classname="smoke_suite.ALC_1711" name="dashBoardVerificationsBeforeVoid" time="54.696"/>
  <testcase classname="smoke_suite.ALC_1711" name="bonusOrderExcHisVerificationBeforeVoid" time="70.001"/>
  <testcase classname="smoke_suite.ALC_1711" name="ExcHisBonusVerificationBeforeVoid" time="104.355"/>
  <testcase classname="smoke_suite.ALC_1711" name="approveBonus" time="80.024"/>
  <testcase classname="smoke_suite.ALC_1711" name="verifyBonusInAlchmeyAfterBonusPaid" time="53.143"/>
  <testcase classname="smoke_suite.ALC_1711" name="verifyBonusInAppAfterBonusPaid" time="169.887"/>
  <testcase classname="smoke_suite.ALC_1711" name="voidTransaction" time="22.089"/>
  <testcase classname="smoke_suite.ALC_1711" name="kgRecycledInBranchAfterVoid" time="132.235"/>
  <testcase classname="smoke_suite.ALC_1711" name="dashBoardVerificationsAfterVoid" time="88.064"/>
  <testcase classname="smoke_suite.ALC_1711" name="bonusOrderExcHisVerificationAfterVoid" time="54.564"/>
  <testcase classname="smoke_suite.ALC_1711" name="bonusProgressInSummaryTabAfterVoid" time="38.648"/>
  <testcase classname="smoke_suite.ALC_1711" name="reclaimToken" time="23.715"/>
  <testcase classname="smoke_suite.ALC_1711" name="verifyBonusInAppAfterReclaimToken" time="170.131"/>
  <testcase classname="smoke_suite.ALC_1711" name="verifyBonusInAlchmeyAfterReclaimToken" time="46.681"/>
  <testcase classname="smoke_suite.ALC_1711" name="bonusExchangeHistoryTransaction" time="18.517"/>
  <testcase classname="smoke_suite.ALC_1711" name="branchExchangeHistoryBonus" time="94.210"/>
</testsuite> <!-- smoke_suite.ALC_1711 -->
